  Building Custom Rule C:/Users/amsokol/Coding/github.com/amsokol/dlb_mp4base/make/mp4muxer.library/CMakeLists.txt
  mp4_muxer_lib.c
  ema_mp4_mux_api.c
  mp4_isom.c
  mp4_muxer.c
C:\Users\amsokol\Coding\github.com\amsokol\dlb_mp4base\src\mp4_muxer.c(1,1): warning C4335: Mac file format detected: please convert the source file to either DOS or UNIX format
  mp4_stream.c
  dsi.c
  parser_aac.c
  parser_ac4.c
  parser_avc_dec.c
  parser_avc_dpb.c
  parser_avc.c
  parser_dd.c
  parser_hevc_dec.c
  parser_hevc.c
  parser.c
  io_base.c
  io_buffer.c
  io_file.c
  list_itr.c
  msg_log.c
  Generating Code...
  Compiling...
  registry.c
  utils.c
  Generating Code...
  mp4muxer.vcxproj -> C:\Users\amsokol\Coding\github.com\amsokol\dlb_mp4base\build\x64-Release\Release\mp4muxer.lib
